<?xml version="1.0" encoding="UTF-8"?>
<testng-results ignored="0" total="1" passed="1" failed="0" skipped="0">
  <reporter-output>
  </reporter-output>
  <suite started-at="2024-08-27T19:02:17 IST" name="Default suite" finished-at="2024-08-27T19:02:20 IST" duration-ms="3496">
    <groups>
    </groups>
    <test started-at="2024-08-27T19:02:17 IST" name="Default test" finished-at="2024-08-27T19:02:20 IST" duration-ms="3496">
      <class name="pages.Homepage">
        <test-method signature="homepage()[pri:0, instance:pages.Homepage@73e9cf30]" started-at="2024-08-27T19:02:17 IST" name="homepage" finished-at="2024-08-27T19:02:20 IST" duration-ms="3378" status="PASS">
          <reporter-output>
          </reporter-output>
        </test-method> <!-- homepage -->
        <test-method is-config="true" signature="closeExecution()[pri:0, instance:pages.Homepage@73e9cf30]" started-at="2024-08-27T19:02:20 IST" name="closeExecution" finished-at="2024-08-27T19:02:20 IST" duration-ms="96" status="PASS">
          <reporter-output>
          </reporter-output>
        </test-method> <!-- closeExecution -->
      </class> <!-- pages.Homepage -->
    </test> <!-- Default test -->
  </suite> <!-- Default suite -->
</testng-results>
